<testsuites name="chrome" tests="1" failures="1" errors="2" disabled="0" time="3.796">
  <testsuite name="my webdriverio tests" tests="1" failures="1" skipped="0" disabled="0" time="2.892" timestamp="Fri Sep 18 2015 18:27:24 GMT-0700 (PDT)" id="1" file="/usr/share/nginx/www/_/workspace/appengine-codiad/test/specs/run-codiad.spec.js">
      <testcase name="Github test" disabled="false" time="2.892" id="2" file="/usr/share/nginx/www/_/workspace/appengine-codiad/test/specs/run-codiad.spec.js" status="failed" classname="chrome">
          <failure type="testerror" message="Cannot read property 'value' of undefined"><![CDATA[TypeError: Cannot read property 'value' of undefined
    at Object.<anonymous> (specs/run-codiad.spec.js:18:20)
    at Object.<anonymous> (/usr/lib/node_modules/webdriverio/lib/webdriverio.js:368:37)
    at Object.safeExecute (/usr/lib/node_modules/webdriverio/lib/utils/safeExecute.js:19:24)
    at Object.WebdriverIO.resolve (/usr/lib/node_modules/webdriverio/lib/webdriverio.js:86:29)
    at /usr/lib/node_modules/webdriverio/lib/webdriverio.js:226:32
    at _rejected (/usr/lib/node_modules/webdriverio/node_modules/q/q.js:830:24)
    at /usr/lib/node_modules/webdriverio/node_modules/q/q.js:856:30
    at Promise.when (/usr/lib/node_modules/webdriverio/node_modules/q/q.js:1108:31)
    at Promise.promise.promiseDispatch (/usr/lib/node_modules/webdriverio/node_modules/q/q.js:774:41)
    at /usr/lib/node_modules/webdriverio/node_modules/q/q.js:590:44]]></failure>
          <system-out type="command"><![CDATA[
POST http://127.0.0.1:32768/wd/hub/session/fa004aa6-437c-4552-a958-302c64ad2de3/url - {"url":"https://github.com/"}
POST http://127.0.0.1:32768/wd/hub/session/fa004aa6-437c-4552-a958-302c64ad2de3/elements - {"using":"css selector","value":".header-logo-wordmark"}
GET http://127.0.0.1:32768/wd/hub/session/fa004aa6-437c-4552-a958-302c64ad2de3/element/0/size - {}
DELETE http://127.0.0.1:32768/wd/hub/session/fa004aa6-437c-4552-a958-302c64ad2de3 - {}
]]></system-out>
          <system-out type="result"><![CDATA[
POST http://127.0.0.1:32768/wd/hub/session/fa004aa6-437c-4552-a958-302c64ad2de3/url - {"state":"success","sessionId":"fa004aa6-437c-4552-a958-302c64ad2de3","hCode":163554048,"value":null,"class":"org.openqa.selenium.remote.Response","status":0}
POST http://127.0.0.1:32768/wd/hub/session/fa004aa6-437c-4552-a958-302c64ad2de3/elements - {"state":"success","sessionId":"fa004aa6-437c-4552-a958-302c64ad2de3","hCode":1146383136,"value":[{"ELEMENT":"0"}],"class":"org.openqa.selenium.remote.Response","status":0}
GET http://127.0.0.1:32768/wd/hub/session/fa004aa6-437c-4552-a958-302c64ad2de3/element/0/size - {"state":"success","sessionId":"fa004aa6-437c-4552-a958-302c64ad2de3","hCode":2067294068,"value":{"width":89,"hCode":5696,"class":"org.openqa.selenium.Dimension","height":26},"class":"org.openqa.selenium.remote.Response","status":0}
DELETE http://127.0.0.1:32768/wd/hub/session/fa004aa6-437c-4552-a958-302c64ad2de3 - {"state":"success","sessionId":"fa004aa6-437c-4552-a958-302c64ad2de3","hCode":1597469899,"value":null,"class":"org.openqa.selenium.remote.Response","status":0}
]]></system-out>
          <system-err type="runnererror"><![CDATA[
ERROR:undefined
ERROR:undefined
]]></system-err>
      </testcase>
  </testsuite>
</testsuites>
