<testsuites name="chrome" tests="1" failures="1" errors="1" disabled="0" time="3.675">
  <testsuite name="my webdriverio tests" tests="1" failures="1" skipped="0" disabled="0" time="2.705" timestamp="Fri Sep 18 2015 18:28:07 GMT-0700 (PDT)" id="1" file="/usr/share/nginx/www/_/workspace/appengine-codiad/test/specs/run-codiad.spec.js">
      <testcase name="Github test" disabled="false" time="2.705" id="2" file="/usr/share/nginx/www/_/workspace/appengine-codiad/test/specs/run-codiad.spec.js" status="failed" classname="chrome">
          <failure type="testerror" message="false == true"><![CDATA[AssertionError: false == true
    at Object.<anonymous> (specs/run-codiad.spec.js:15:7)
    at Object.<anonymous> (/usr/lib/node_modules/webdriverio/lib/webdriverio.js:368:37)
    at Object.safeExecute (/usr/lib/node_modules/webdriverio/lib/utils/safeExecute.js:19:24)
    at Object.WebdriverIO.resolve (/usr/lib/node_modules/webdriverio/lib/webdriverio.js:86:29)
    at /usr/lib/node_modules/webdriverio/lib/webdriverio.js:226:32
    at _rejected (/usr/lib/node_modules/webdriverio/node_modules/q/q.js:830:24)
    at /usr/lib/node_modules/webdriverio/node_modules/q/q.js:856:30
    at Promise.when (/usr/lib/node_modules/webdriverio/node_modules/q/q.js:1108:31)
    at Promise.promise.promiseDispatch (/usr/lib/node_modules/webdriverio/node_modules/q/q.js:774:41)
    at /usr/lib/node_modules/webdriverio/node_modules/q/q.js:590:44]]></failure>
          <system-out type="command"><![CDATA[
POST http://127.0.0.1:32768/wd/hub/session/0b1ae7ef-81b9-45d1-8f63-7e5afc610aa5/url - {"url":"https://github.com/"}
POST http://127.0.0.1:32768/wd/hub/session/0b1ae7ef-81b9-45d1-8f63-7e5afc610aa5/elements - {"using":"css selector","value":".header-logo-wordmark"}
GET http://127.0.0.1:32768/wd/hub/session/0b1ae7ef-81b9-45d1-8f63-7e5afc610aa5/element/0/size - {}
DELETE http://127.0.0.1:32768/wd/hub/session/0b1ae7ef-81b9-45d1-8f63-7e5afc610aa5 - {}
]]></system-out>
          <system-out type="result"><![CDATA[
POST http://127.0.0.1:32768/wd/hub/session/0b1ae7ef-81b9-45d1-8f63-7e5afc610aa5/url - {"state":"success","sessionId":"0b1ae7ef-81b9-45d1-8f63-7e5afc610aa5","hCode":582636644,"value":null,"class":"org.openqa.selenium.remote.Response","status":0}
POST http://127.0.0.1:32768/wd/hub/session/0b1ae7ef-81b9-45d1-8f63-7e5afc610aa5/elements - {"state":"success","sessionId":"0b1ae7ef-81b9-45d1-8f63-7e5afc610aa5","hCode":554609620,"value":[{"ELEMENT":"0"}],"class":"org.openqa.selenium.remote.Response","status":0}
GET http://127.0.0.1:32768/wd/hub/session/0b1ae7ef-81b9-45d1-8f63-7e5afc610aa5/element/0/size - {"state":"success","sessionId":"0b1ae7ef-81b9-45d1-8f63-7e5afc610aa5","hCode":1154549661,"value":{"width":89,"hCode":5696,"class":"org.openqa.selenium.Dimension","height":26},"class":"org.openqa.selenium.remote.Response","status":0}
DELETE http://127.0.0.1:32768/wd/hub/session/0b1ae7ef-81b9-45d1-8f63-7e5afc610aa5 - {"state":"success","sessionId":"0b1ae7ef-81b9-45d1-8f63-7e5afc610aa5","hCode":1761001173,"value":null,"class":"org.openqa.selenium.remote.Response","status":0}
]]></system-out>
          <system-err type="runnererror"><![CDATA[
ERROR:undefined
]]></system-err>
      </testcase>
  </testsuite>
</testsuites>
